/home/jiaqigu/pkgs/miniforge3/envs/python311venv/lib/python3.11/site-packages/mmengine/optim/optimizer/zero_optimizer.py:11: DeprecationWarning: `TorchScript` support for functional optimizers is deprecated and will be removed in a future PyTorch release. Consider using the `torch.compile` optimizer instead.
  from torch.distributed.optim import \
[38;21m2024-11-09 17:57:39,470 - train.py[line:234] - INFO: dataset:
  name: cifar10
  root: /home/dataset/cifar10
  train_valid_split_ratio: [0.9, 0.1]
  train_valid_split_seed: 1
  resize_mode: bicubic
  center_crop: 32
  n_test_samples: None
  n_valid_samples: None
  num_workers: 2
  img_height: 32
  img_width: 32
  in_channels: 3
  num_classes: 10
  transform: augmented
  shuffle: 0
  augment: None
criterion:
  name: ce
aux_criterion: None
optimizer:
  name: adamw
  lr: 0.002
  weight_decay: 0.0001
  grad_clip_value: 0
scheduler:
  name: cosine
  lr_gamma: 0.99
  lr_min: 2e-05
run:
  experiment: cifar10_mobilevit_train
  n_epochs: 100
  batch_size: 256
  use_cuda: 1
  gpu_id: 0
  deterministic: 22
  random_state: 42
  log_interval: 200
  train_noise: 0
  grad_clip: False
  max_grad_value: 1
  do_distill: False
  compile: False
quantize:
  weight_bit: 8
  input_bit: 6
noise:
  phase_bias: 0
  phase_noise_std: 0
  gamma_noise_std: 0
  crosstalk_factor: 0
  random_state: 42
  weight_noise_std: 0.0
  output_noise_std: 0
  crosstalk_flag: False
  noise_flag: False
  light_redist: False
  input_power_gating: False
  input_modulation_ER: 6
  output_power_gating: False
  crosstalk_scheduler:
    interv_h: 20
    interv_v: 120
    interv_s: 9
    ps_width: 6
checkpoint:
  save_best_model_k: 3
  checkpoint_dir: cifar10/mobileViT/train
  model_comment: lr-0.0020_wb-8_run-1
  resume: 0
  restore_checkpoint: 
  no_linear: 0
model:
  name: MobileViT
  conv_cfg:
    type: QConv2d
    w_bit: 8
    out_bit: 8
    in_bit: 8
  linear_cfg:
    type: QLinear
    w_bit: 8
    out_bit: 8
    in_bit: 8
  norm_cfg:
    type: BN2d
    affine: True
  act_cfg:
    type: ReLU6
    inplace: True
  dim: [144, 192, 240]
  depth: [2, 4, 3]
  channels: [16, 32, 64, 64, 96, 96, 128, 128, 160, 160, 640]
  matmul_cfg:
    type: QMatMul
    w_bit: 8
    out_bit: 8
    in_bit: 8
debug:
  verbose: 1
  verboise: 1
dst_scheduler: None[0m
Files already downloaded and verified
Files already downloaded and verified
Traceback (most recent call last):
  File "/home/ziangyin/all_projects/DAC2025_Train/train.py", line 451, in <module>
    main()
  File "/home/ziangyin/all_projects/DAC2025_Train/train.py", line 263, in main
    model = builder.make_model(
            ^^^^^^^^^^^^^^^^^^^
  File "/home/ziangyin/all_projects/DAC2025_Train/core/builder.py", line 234, in make_model
    model = eval(name)(
            ^^^^^^^^^^
  File "<string>", line 1, in <module>
NameError: name 'MobileViT' is not defined. Did you mean: 'QMobileViT'?
